<?xml version="1.0" encoding="UTF-8" ?>
<testsuite tests="1" failures="0" name="com.pinyougou.AppTest" time="0.005" errors="0" skipped="0">
  <properties>
    <property name="idea.version" value="2020.3.2"/>
    <property name="java.runtime.name" value="Java(TM) SE Runtime Environment"/>
    <property name="java.vm.version" value="14.0.2+12-46"/>
    <property name="sun.boot.library.path" value="F:\java14\bin"/>
    <property name="maven.multiModuleProjectDirectory" value="F:\pingyougou_project\pinyougou-parent"/>
    <property name="java.vm.vendor" value="Oracle Corporation"/>
    <property name="java.vendor.url" value="https://java.oracle.com/"/>
    <property name="guice.disable.misplaced.annotation.check" value="true"/>
    <property name="path.separator" value=";"/>
    <property name="java.vm.name" value="Java HotSpot(TM) 64-Bit Server VM"/>
    <property name="sun.os.patch.level" value=""/>
    <property name="user.script" value=""/>
    <property name="user.country" value="CN"/>
    <property name="sun.java.launcher" value="SUN_STANDARD"/>
    <property name="java.vm.specification.name" value="Java Virtual Machine Specification"/>
    <property name="user.dir" value="F:\pingyougou_project\pinyougou-parent"/>
    <property name="java.vm.compressedOopsMode" value="32-bit"/>
    <property name="java.runtime.version" value="14.0.2+12-46"/>
    <property name="os.arch" value="amd64"/>
    <property name="java.io.tmpdir" value="C:\Users\17314\AppData\Local\Temp\"/>
    <property name="line.separator" value="
"/>
    <property name="java.vm.specification.vendor" value="Oracle Corporation"/>
    <property name="user.variant" value=""/>
    <property name="os.name" value="Windows 10"/>
    <property name="maven.ext.class.path" value="F:\IntelliJ IDEA 2020.3.2\plugins\maven\lib\maven-event-listener.jar"/>
    <property name="archetypeCatalog" value="local"/>
    <property name="classworlds.conf" value="F:\apache-maven-3.6.3\bin\m2.conf"/>
    <property name="sun.jnu.encoding" value="GBK"/>
    <property name="java.library.path" value="F:\java14\bin;C:\windows\Sun\Java\bin;C:\windows\system32;C:\windows;F:\VMware\VMware Workstation\bin\;D:\ADS\bin;C:\Program Files (x86)\NVIDIA Corporation\PhysX\Common;C:\windows\system32;C:\windows;C:\windows\System32\Wbem;C:\windows\System32\WindowsPowerShell\v1.0\;C:\windows\System32\OpenSSH\;C:\Program Files (x86)\Microsoft SQL Server\100\Tools\Binn\;C:\Program Files\Microsoft SQL Server\100\Tools\Binn\;C:\Program Files\Microsoft SQL Server\100\DTS\Binn\;C:\Program Files (x86)\Microsoft SQL Server\100\Tools\Binn\VSShell\Common7\IDE\;C:\Program Files (x86)\Microsoft Visual Studio 9.0\Common7\IDE\PrivateAssemblies\;C:\Program Files (x86)\Microsoft SQL Server\100\DTS\Binn\;F:\java14\bin;F:\Tomcat9.0\bin;F:\Tomcat9.0\lib;F:\Mysql\bin;F:\apache-maven-3.6.3\bin;D:\SVN\bin;D:\TortoiseSVN\bin;C:\Program Files\VanDyke Software\Clients\;C:\Program Files\MongoDB\Server\4.4\bin;D:\MinGW\bin;D:\XAMPP\php;D:\Git\cmd;D:\TortoiseGit\bin;D:\NOde\;D:\Python39\Scripts\;D:\Python39\;C:\Users\17314\.windows-build-tools\python27\;C:\Program Files\MySQL\MySQL Shell 8.0\bin\;C:\Users\17314\AppData\Local\Microsoft\WindowsApps;D:\bandzip\;C:\Program Files\Bandizip\;F:\IDEA2020\IntelliJ IDEA Community Edition 2020.2.2\bin;F:\IDEA\IntelliJ IDEA 2019.3.1\bin;F:\WebStorm 2020.3.1\bin;F:\IntelliJ IDEA Community Edition 2020.2.2\bin;;F:\PyCharm Community Edition 2020.3.2\bin;;F:\IntelliJ IDEA 2020.3.2\bin;;F:\PyCharm 2020.3.2\bin;;D:\Microsoft VS Code\bin;C:\Users\17314\AppData\Roaming\npm;C:\Users\17314\AppData\Local\GitHubDesktop\bin;F:\WebStorm 2021.1.1\bin;;."/>
    <property name="maven.conf" value="F:\apache-maven-3.6.3/conf"/>
    <property name="jdk.debug" value="release"/>
    <property name="java.class.version" value="58.0"/>
    <property name="java.specification.name" value="Java Platform API Specification"/>
    <property name="sun.management.compiler" value="HotSpot 64-Bit Tiered Compilers"/>
    <property name="os.version" value="10.0"/>
    <property name="user.home" value="C:\Users\17314"/>
    <property name="user.timezone" value="Asia/Shanghai"/>
    <property name="file.encoding" value="UTF-8"/>
    <property name="java.specification.version" value="14"/>
    <property name="user.name" value="17314"/>
    <property name="java.class.path" value="F:\apache-maven-3.6.3\boot\plexus-classworlds-2.6.0.jar;F:\apache-maven-3.6.3\boot\plexus-classworlds.license"/>
    <property name="java.vm.specification.version" value="14"/>
    <property name="sun.arch.data.model" value="64"/>
    <property name="sun.java.command" value="org.codehaus.classworlds.Launcher -Didea.version=2020.3.2 -s F:\apache-maven-3.6.3\conf\settings.xml install"/>
    <property name="java.home" value="F:\java14"/>
    <property name="user.language" value="zh"/>
    <property name="java.specification.vendor" value="Oracle Corporation"/>
    <property name="java.vm.info" value="mixed mode, sharing"/>
    <property name="java.version" value="14.0.2"/>
    <property name="java.vendor" value="Oracle Corporation"/>
    <property name="maven.home" value="F:\apache-maven-3.6.3"/>
    <property name="file.separator" value="\"/>
    <property name="java.version.date" value="2020-07-14"/>
    <property name="java.vendor.url.bug" value="https://bugreport.java.com/bugreport/"/>
    <property name="sun.io.unicode.encoding" value="UnicodeLittle"/>
    <property name="sun.cpu.endian" value="little"/>
    <property name="sun.cpu.isalist" value="amd64"/>
  </properties>
  <testcase classname="com.pinyougou.AppTest" name="shouldAnswerWithTrue" time="0.005"/>
</testsuite>